[00:00:02] [Server thread/INFO]: [Celxex: Teleported Celxex to Yasame14]
[00:00:09] [Server thread/WARN]: Loaded chunks: 0 unloaded: 0 total:0
[00:00:17] [Server thread/INFO]: [Not Secure] <Celxex> si
[00:00:19] [Server thread/WARN]: Loaded chunks: 0 unloaded: 0 total:0
[00:00:19] [Server thread/WARN]: Loaded chunks: 0 unloaded: 0 total:0
[00:00:25] [Server thread/INFO]: [Not Secure] <Celxex> yo digo que por aqui
[00:00:29] [Server thread/WARN]: Loaded chunks: 0 unloaded: 0 total:0
[00:00:39] [Server thread/WARN]: Loaded chunks: 0 unloaded: 0 total:0
[00:00:41] [Server thread/INFO]: [Not Secure] <Celxex> no estoy seguro
[00:00:49] [Server thread/WARN]: Loaded chunks: 0 unloaded: 0 total:0
[00:00:49] [Server thread/WARN]: Loaded chunks: 0 unloaded: 0 total:0
[00:00:59] [Server thread/WARN]: Loaded chunks: 0 unloaded: 0 total:0
[00:01:09] [Server thread/INFO]: [Not Secure] <Celxex> si
[00:01:09] [Server thread/WARN]: Loaded chunks: 0 unloaded: 0 total:0
[00:01:19] [Server thread/INFO]: [Not Secure] <Celxex> creo que asi es
[00:01:19] [Server thread/WARN]: Loaded chunks: 0 unloaded: 0 total:0
[00:01:19] [Server thread/WARN]: Loaded chunks: 0 unloaded: 0 total:0
[00:01:29] [Server thread/INFO]: [Not Secure] <Celxex> no explota
[00:01:29] [Server thread/WARN]: Loaded chunks: 0 unloaded: 0 total:0
[00:01:33] [Server thread/INFO]: Named entity class_1571['Gboom the Bloated'/10722, l='ServerLevel[Prueba]', x=-512.02, y=75.03, z=-147.03] died: Gboom the Bloated was blown up by Yasame14
[00:01:33] [Server thread/INFO]: Celxex died
[00:01:33] [Server thread/INFO]: Yasame14 died
[00:01:38] [Server thread/INFO]: Yasame14 was not rescued in time
[00:01:43] [Server thread/INFO]: Celxex was not rescued in time
[00:01:44] [Server thread/INFO]: Async chunk loading for player Celxex completed
[00:01:47] [Server thread/INFO]: [Celxex: Teleported Celxex to Yasame14]
[00:01:47] [Server thread/INFO]: Async chunk loading for player Yasame14 completed
[00:01:49] [Server thread/WARN]: Loaded chunks: 0 unloaded: 0 total:0
[00:01:55] [Server thread/INFO]: [Not Secure] <Celxex> ostia
[00:01:58] [Server thread/INFO]: [Not Secure] <Celxex> si sirvio
[00:01:59] [Server thread/WARN]: Loaded chunks: 0 unloaded: 0 total:0
[00:02:06] [Server thread/INFO]: [Celxex: Teleported Yasame14 to Celxex]
[00:02:09] [Server thread/WARN]: Loaded chunks: 0 unloaded: 0 total:0
[00:02:09] [Server thread/WARN]: Loaded chunks: 0 unloaded: 0 total:0
[00:02:18] [Server thread/INFO]: [Not Secure] <Celxex> aqui tambien
[00:02:19] [Server thread/INFO]: [Not Secure] <Celxex> dos
[00:02:19] [Server thread/WARN]: Loaded chunks: 0 unloaded: 0 total:0
[00:02:23] [Worker-Main-19/ERROR]: Detected setBlock in a far chunk [-34, -17], pos: class_2339{x=-544, y=45, z=-258}, status: minecraft:features, currently generating: ResourceKey[minecraft:worldgen/placed_feature / hearths:minecraft/nether_wastes/blackstone_lakes]
[00:02:28] [Server thread/INFO]: [Not Secure] <Celxex> espra tocan la puerta
[00:02:29] [Server thread/WARN]: Loaded chunks: 0 unloaded: 0 total:0
[00:02:39] [Server thread/WARN]: Loaded chunks: 0 unloaded: 0 total:0
[00:02:39] [Server thread/WARN]: Loaded chunks: 0 unloaded: 0 total:0
[00:02:49] [Server thread/WARN]: Loaded chunks: 0 unloaded: 0 total:0
[00:02:59] [Server thread/INFO]: [Not Secure] <Celxex> como decia
[00:02:59] [Server thread/WARN]: Loaded chunks: 0 unloaded: 0 total:0
[00:03:08] [Server thread/INFO]: [Not Secure] <Celxex> sirvio
[00:03:09] [Server thread/WARN]: Loaded chunks: 0 unloaded: 0 total:0
[00:03:09] [Server thread/WARN]: Loaded chunks: 0 unloaded: 0 total:0
[00:03:14] [Server thread/INFO]: [Not Secure] <Celxex> solo para 3 AJKSD
[00:03:19] [Server thread/WARN]: Loaded chunks: 0 unloaded: 0 total:0
[00:03:29] [Server thread/WARN]: Loaded chunks: 0 unloaded: 0 total:0
[00:03:39] [Server thread/WARN]: Loaded chunks: 0 unloaded: 0 total:0
[00:03:39] [Server thread/WARN]: Loaded chunks: 0 unloaded: 0 total:0
[00:03:49] [Server thread/WARN]: Loaded chunks: 0 unloaded: 0 total:0
[00:03:52] [Server thread/INFO]: Celxex died
[00:03:59] [Server thread/WARN]: Loaded chunks: 0 unloaded: 0 total:0
[00:04:09] [Server thread/WARN]: Loaded chunks: 0 unloaded: 0 total:0
[00:04:09] [Server thread/WARN]: Loaded chunks: 0 unloaded: 0 total:0
[00:04:19] [Server thread/WARN]: Loaded chunks: 0 unloaded: 0 total:0
[00:04:29] [Server thread/WARN]: Loaded chunks: 0 unloaded: 0 total:0
[00:04:39] [Server thread/WARN]: Loaded chunks: 0 unloaded: 0 total:0
[00:04:39] [Server thread/WARN]: Loaded chunks: 0 unloaded: 0 total:0
